
*** espanso-config/src/config/resolve.rs:359:9: replace ResolvedConfig::load -> Result<Self> with Ok(Default::default())

*** mutation diff:
--- espanso-config/src/config/resolve.rs
+++ replace ResolvedConfig::load -> Result<Self> with Ok(Default::default())
@@ -351,59 +351,17 @@
 
     fn x11_use_xdotool_backend(&self) -> bool {
         self.parsed.x11_use_xdotool_backend.unwrap_or(false)
     }
 }
 
 impl ResolvedConfig {
     pub fn load(path: &Path, parent: Option<&Self>) -> Result<Self> {
-        let mut config = ParsedConfig::load(path)?;
-
-        // Merge with parent config if present
-        if let Some(parent) = parent {
-            Self::merge_parsed(&mut config, &parent.parsed);
-        }
-
-        // Extract the base directory
-        let base_dir = path
-            .parent()
-            .ok_or_else(ResolveError::ParentResolveFailed)?;
-
-        let match_paths = Self::generate_match_paths(&config, base_dir)
-            .into_iter()
-            .collect();
-
-        let filter_title = if let Some(filter_title) = config.filter_title.as_deref() {
-            Some(Regex::new(filter_title)?)
-        } else {
-            None
-        };
-
-        let filter_class = if let Some(filter_class) = config.filter_class.as_deref() {
-            Some(Regex::new(filter_class)?)
-        } else {
-            None
-        };
-
-        let filter_exec = if let Some(filter_exec) = config.filter_exec.as_deref() {
-            Some(Regex::new(filter_exec)?)
-        } else {
-            None
-        };
-
-        Ok(Self {
-            parsed: config,
-            source_path: Some(path.to_owned()),
-            id: next_id(),
-            match_paths,
-            filter_title,
-            filter_class,
-            filter_exec,
-        })
+        Ok(Default::default()) /* ~ changed by cargo-mutants ~ */
     }
 
     fn merge_parsed(child: &mut ParsedConfig, parent: &ParsedConfig) {
         // Override the None fields with the parent's value
         merge!(
             ParsedConfig,
             child,
             parent,


*** /Users/aucamaillot/.rustup/toolchains/beta-aarch64-apple-darwin/bin/cargo test --no-run --verbose --package=espanso-config@0.1.0
       Fresh unicode-ident v1.0.12
       Fresh cfg-if v1.0.0
       Fresh autocfg v1.1.0
       Fresh unicode-xid v0.2.1
       Fresh proc-macro2 v1.0.94
       Fresh regex-syntax v0.6.27
       Fresh quote v1.0.35
       Fresh libc v0.2.161
       Fresh memchr v2.5.0
       Fresh linked-hash-map v0.5.6
       Fresh syn v1.0.67
       Fresh num-traits v0.2.14
       Fresh getrandom v0.2.2
       Fresh syn v2.0.100
       Fresh aho-corasick v0.7.19
       Fresh predicates-core v1.0.2
       Fresh ppv-lite86 v0.2.10
       Fresh serde_derive v1.0.123
       Fresh regex v1.5.5
       Fresh rand_core v0.6.2
       Fresh thiserror-impl v1.0.56
       Fresh float-cmp v0.8.0
       Fresh yaml-rust v0.4.5
       Fresh heck v0.4.1
       Fresh rand_chacha v0.3.0
       Fresh serde v1.0.123
       Fresh unindent v0.1.7
       Fresh normalize-line-endings v0.3.0
       Fresh dtoa v0.4.7
       Fresh same-file v1.0.6
       Fresh difference v2.0.0
       Fresh remove_dir_all v0.5.3
       Fresh treeline v0.1.0
       Fresh rand v0.8.3
       Fresh predicates-tree v1.0.2
       Fresh predicates v1.0.8
       Fresh walkdir v2.3.1
       Fresh serde_yaml v0.8.17
       Fresh indoc v1.0.3
       Fresh anyhow v1.0.38
       Fresh thiserror v1.0.56
       Fresh enum-as-inner v0.6.0
       Fresh log v0.4.14
       Fresh ordered-float v2.1.1
       Fresh mockall_derive v0.9.1
       Fresh rand v0.4.6
       Fresh glob v0.3.0
       Fresh fragile v1.0.0
       Fresh dunce v1.0.1
       Fresh lazy_static v1.5.0
       Fresh downcast v0.10.0
       Fresh mockall v0.9.1
       Fresh tempdir v0.3.7
       Fresh tempfile v3.2.0
       Dirty espanso-config v0.1.0 (/private/var/folders/6f/_7411vhs4c58v7633qtsvlwc0000gn/T/cargo-mutants-espanso-jHWQVe.tmp/espanso-config): the file `espanso-config/src/matches/group/loader/yaml/mod.rs` has changed (1745788082.569001535s, 1s after last build at 1745788081.429470189s)
   Compiling espanso-config v0.1.0 (/private/var/folders/6f/_7411vhs4c58v7633qtsvlwc0000gn/T/cargo-mutants-espanso-jHWQVe.tmp/espanso-config)
     Running `/Users/aucamaillot/.rustup/toolchains/beta-aarch64-apple-darwin/bin/rustc --crate-name espanso_config --edition=2021 espanso-config/src/lib.rs --error-format=json --json=diagnostic-rendered-ansi,artifacts,future-incompat --emit=dep-info,link -C embed-bitcode=no -C debuginfo=2 -C split-debuginfo=unpacked '--warn=clippy::pedantic' '--deny=clippy::wildcard_imports' '--allow=clippy::used_underscore_binding' '--allow=clippy::unused_self' '--allow=clippy::unnecessary_wraps' '--allow=clippy::too_many_lines' '--allow=clippy::struct_field_names' '--allow=clippy::struct_excessive_bools' '--allow=clippy::similar_names' '--deny=clippy::semicolon_if_nothing_returned' '--allow=clippy::ptr_as_ptr' '--allow=clippy::no_effect_underscore_binding' '--allow=clippy::needless_pass_by_value' '--allow=clippy::must_use_candidate' '--allow=clippy::module_name_repetitions' '--allow=clippy::missing_panics_doc' '--allow=clippy::missing_errors_doc' '--allow=clippy::match_same_arms' '--allow=clippy::items_after_statements' '--deny=clippy::enum_glob_use' '--allow=clippy::cast_sign_loss' '--allow=clippy::cast_possible_wrap' '--allow=clippy::cast_possible_truncation' '--allow=clippy::cast_lossless' '--allow=clippy::borrow_as_ptr' '--allow=clippy::as_conversions' --test --check-cfg 'cfg(docsrs,test)' --check-cfg 'cfg(feature, values())' -C metadata=1b66a01e5b6e5d3f -C extra-filename=-d72e23de752d5677 --out-dir /private/var/folders/6f/_7411vhs4c58v7633qtsvlwc0000gn/T/cargo-mutants-espanso-jHWQVe.tmp/target/debug/deps -C incremental=/private/var/folders/6f/_7411vhs4c58v7633qtsvlwc0000gn/T/cargo-mutants-espanso-jHWQVe.tmp/target/debug/incremental -L dependency=/private/var/folders/6f/_7411vhs4c58v7633qtsvlwc0000gn/T/cargo-mutants-espanso-jHWQVe.tmp/target/debug/deps --extern anyhow=/private/var/folders/6f/_7411vhs4c58v7633qtsvlwc0000gn/T/cargo-mutants-espanso-jHWQVe.tmp/target/debug/deps/libanyhow-0c628cd8133a8384.rlib --extern dunce=/private/var/folders/6f/_7411vhs4c58v7633qtsvlwc0000gn/T/cargo-mutants-espanso-jHWQVe.tmp/target/debug/deps/libdunce-60cda49bcd5cc254.rlib --extern enum_as_inner=/private/var/folders/6f/_7411vhs4c58v7633qtsvlwc0000gn/T/cargo-mutants-espanso-jHWQVe.tmp/target/debug/deps/libenum_as_inner-25954b4b22c17fed.dylib --extern glob=/private/var/folders/6f/_7411vhs4c58v7633qtsvlwc0000gn/T/cargo-mutants-espanso-jHWQVe.tmp/target/debug/deps/libglob-41829232cae73c89.rlib --extern indoc=/private/var/folders/6f/_7411vhs4c58v7633qtsvlwc0000gn/T/cargo-mutants-espanso-jHWQVe.tmp/target/debug/deps/libindoc-44b5c1db3de63f5a.dylib --extern log=/private/var/folders/6f/_7411vhs4c58v7633qtsvlwc0000gn/T/cargo-mutants-espanso-jHWQVe.tmp/target/debug/deps/liblog-43fa8c102ec312ab.rlib --extern mockall=/private/var/folders/6f/_7411vhs4c58v7633qtsvlwc0000gn/T/cargo-mutants-espanso-jHWQVe.tmp/target/debug/deps/libmockall-ed72868202618a99.rlib --extern ordered_float=/private/var/folders/6f/_7411vhs4c58v7633qtsvlwc0000gn/T/cargo-mutants-espanso-jHWQVe.tmp/target/debug/deps/libordered_float-01e73bccb5b96119.rlib --extern regex=/private/var/folders/6f/_7411vhs4c58v7633qtsvlwc0000gn/T/cargo-mutants-espanso-jHWQVe.tmp/target/debug/deps/libregex-450b5e6da8c3698c.rlib --extern serde=/private/var/folders/6f/_7411vhs4c58v7633qtsvlwc0000gn/T/cargo-mutants-espanso-jHWQVe.tmp/target/debug/deps/libserde-72684f412b9a6537.rlib --extern serde_yaml=/private/var/folders/6f/_7411vhs4c58v7633qtsvlwc0000gn/T/cargo-mutants-espanso-jHWQVe.tmp/target/debug/deps/libserde_yaml-7c48d76beb92ab2a.rlib --extern tempdir=/private/var/folders/6f/_7411vhs4c58v7633qtsvlwc0000gn/T/cargo-mutants-espanso-jHWQVe.tmp/target/debug/deps/libtempdir-725215259bd000b8.rlib --extern tempfile=/private/var/folders/6f/_7411vhs4c58v7633qtsvlwc0000gn/T/cargo-mutants-espanso-jHWQVe.tmp/target/debug/deps/libtempfile-8cbe938fe0b62a64.rlib --extern thiserror=/private/var/folders/6f/_7411vhs4c58v7633qtsvlwc0000gn/T/cargo-mutants-espanso-jHWQVe.tmp/target/debug/deps/libthiserror-dacb47178848b153.rlib --extern walkdir=/private/var/folders/6f/_7411vhs4c58v7633qtsvlwc0000gn/T/cargo-mutants-espanso-jHWQVe.tmp/target/debug/deps/libwalkdir-f8bf6da8bac78b57.rlib`
     Running `/Users/aucamaillot/.rustup/toolchains/beta-aarch64-apple-darwin/bin/rustc --crate-name espanso_config --edition=2021 espanso-config/src/lib.rs --error-format=json --json=diagnostic-rendered-ansi,artifacts,future-incompat --crate-type lib --emit=dep-info,metadata,link -C embed-bitcode=no -C debuginfo=2 -C split-debuginfo=unpacked '--warn=clippy::pedantic' '--deny=clippy::wildcard_imports' '--allow=clippy::used_underscore_binding' '--allow=clippy::unused_self' '--allow=clippy::unnecessary_wraps' '--allow=clippy::too_many_lines' '--allow=clippy::struct_field_names' '--allow=clippy::struct_excessive_bools' '--allow=clippy::similar_names' '--deny=clippy::semicolon_if_nothing_returned' '--allow=clippy::ptr_as_ptr' '--allow=clippy::no_effect_underscore_binding' '--allow=clippy::needless_pass_by_value' '--allow=clippy::must_use_candidate' '--allow=clippy::module_name_repetitions' '--allow=clippy::missing_panics_doc' '--allow=clippy::missing_errors_doc' '--allow=clippy::match_same_arms' '--allow=clippy::items_after_statements' '--deny=clippy::enum_glob_use' '--allow=clippy::cast_sign_loss' '--allow=clippy::cast_possible_wrap' '--allow=clippy::cast_possible_truncation' '--allow=clippy::cast_lossless' '--allow=clippy::borrow_as_ptr' '--allow=clippy::as_conversions' --check-cfg 'cfg(docsrs,test)' --check-cfg 'cfg(feature, values())' -C metadata=108f3bf03ba6c3a8 -C extra-filename=-6471b91d537ae243 --out-dir /private/var/folders/6f/_7411vhs4c58v7633qtsvlwc0000gn/T/cargo-mutants-espanso-jHWQVe.tmp/target/debug/deps -C incremental=/private/var/folders/6f/_7411vhs4c58v7633qtsvlwc0000gn/T/cargo-mutants-espanso-jHWQVe.tmp/target/debug/incremental -L dependency=/private/var/folders/6f/_7411vhs4c58v7633qtsvlwc0000gn/T/cargo-mutants-espanso-jHWQVe.tmp/target/debug/deps --extern anyhow=/private/var/folders/6f/_7411vhs4c58v7633qtsvlwc0000gn/T/cargo-mutants-espanso-jHWQVe.tmp/target/debug/deps/libanyhow-0c628cd8133a8384.rmeta --extern dunce=/private/var/folders/6f/_7411vhs4c58v7633qtsvlwc0000gn/T/cargo-mutants-espanso-jHWQVe.tmp/target/debug/deps/libdunce-60cda49bcd5cc254.rmeta --extern enum_as_inner=/private/var/folders/6f/_7411vhs4c58v7633qtsvlwc0000gn/T/cargo-mutants-espanso-jHWQVe.tmp/target/debug/deps/libenum_as_inner-25954b4b22c17fed.dylib --extern glob=/private/var/folders/6f/_7411vhs4c58v7633qtsvlwc0000gn/T/cargo-mutants-espanso-jHWQVe.tmp/target/debug/deps/libglob-41829232cae73c89.rmeta --extern indoc=/private/var/folders/6f/_7411vhs4c58v7633qtsvlwc0000gn/T/cargo-mutants-espanso-jHWQVe.tmp/target/debug/deps/libindoc-44b5c1db3de63f5a.dylib --extern log=/private/var/folders/6f/_7411vhs4c58v7633qtsvlwc0000gn/T/cargo-mutants-espanso-jHWQVe.tmp/target/debug/deps/liblog-43fa8c102ec312ab.rmeta --extern ordered_float=/private/var/folders/6f/_7411vhs4c58v7633qtsvlwc0000gn/T/cargo-mutants-espanso-jHWQVe.tmp/target/debug/deps/libordered_float-01e73bccb5b96119.rmeta --extern regex=/private/var/folders/6f/_7411vhs4c58v7633qtsvlwc0000gn/T/cargo-mutants-espanso-jHWQVe.tmp/target/debug/deps/libregex-450b5e6da8c3698c.rmeta --extern serde=/private/var/folders/6f/_7411vhs4c58v7633qtsvlwc0000gn/T/cargo-mutants-espanso-jHWQVe.tmp/target/debug/deps/libserde-72684f412b9a6537.rmeta --extern serde_yaml=/private/var/folders/6f/_7411vhs4c58v7633qtsvlwc0000gn/T/cargo-mutants-espanso-jHWQVe.tmp/target/debug/deps/libserde_yaml-7c48d76beb92ab2a.rmeta --extern thiserror=/private/var/folders/6f/_7411vhs4c58v7633qtsvlwc0000gn/T/cargo-mutants-espanso-jHWQVe.tmp/target/debug/deps/libthiserror-dacb47178848b153.rmeta --extern walkdir=/private/var/folders/6f/_7411vhs4c58v7633qtsvlwc0000gn/T/cargo-mutants-espanso-jHWQVe.tmp/target/debug/deps/libwalkdir-f8bf6da8bac78b57.rmeta`
warning: unused import: `counter::next_id`
  --> espanso-config/src/config/resolve.rs:30:13
   |
30 | use crate::{counter::next_id, merge};
   |             ^^^^^^^^^^^^^^^^
   |
   = note: `#[warn(unused_imports)]` on by default

warning: unused variable: `path`
   --> espanso-config/src/config/resolve.rs:358:17
    |
358 |     pub fn load(path: &Path, parent: Option<&Self>) -> Result<Self> {
    |                 ^^^^ help: if this is intentional, prefix it with an underscore: `_path`
    |
    = note: `#[warn(unused_variables)]` on by default

warning: unused variable: `parent`
   --> espanso-config/src/config/resolve.rs:358:30
    |
358 |     pub fn load(path: &Path, parent: Option<&Self>) -> Result<Self> {
    |                              ^^^^^^ help: if this is intentional, prefix it with an underscore: `_parent`

warning: associated function `load` is never used
  --> espanso-config/src/config/parse/mod.rs:80:12
   |
79 | impl ParsedConfig {
   | ----------------- associated function in this implementation
80 |     pub fn load(path: &Path) -> Result<Self> {
   |            ^^^^
   |
   = note: `#[warn(dead_code)]` on by default

warning: associated function `parse_from_str` is never used
   --> espanso-config/src/config/parse/yaml.rs:167:12
    |
166 | impl YAMLConfig {
    | --------------- associated function in this implementation
167 |     pub fn parse_from_str(yaml: &str) -> Result<Self> {
    |            ^^^^^^^^^^^^^^

warning: static `ABSOLUTE_PATH` is never used
  --> espanso-config/src/config/path.rs:27:8
   |
27 | static ABSOLUTE_PATH: LazyLock<Regex> =
   |        ^^^^^^^^^^^^^

warning: function `calculate_paths` is never used
  --> espanso-config/src/config/path.rs:30:8
   |
30 | pub fn calculate_paths<'a>(
   |        ^^^^^^^^^^^^^^^

warning: constant `STANDARD_INCLUDES` is never used
  --> espanso-config/src/config/resolve.rs:38:7
   |
38 | const STANDARD_INCLUDES: &[&str] = &["../match/**/[!_]*.yml"];
   |       ^^^^^^^^^^^^^^^^^

warning: associated functions `merge_parsed`, `aggregate_includes`, `aggregate_excludes`, and `generate_match_paths` are never used
   --> espanso-config/src/config/resolve.rs:362:8
    |
357 | impl ResolvedConfig {
    | ------------------- associated functions in this implementation
...
362 |     fn merge_parsed(child: &mut ParsedConfig, parent: &ParsedConfig) {
    |        ^^^^^^^^^^^^
...
415 |     fn aggregate_includes(config: &ParsedConfig) -> HashSet<String> {
    |        ^^^^^^^^^^^^^^^^^^
...
439 |     fn aggregate_excludes(config: &ParsedConfig) -> HashSet<String> {
    |        ^^^^^^^^^^^^^^^^^^
...
457 |     fn generate_match_paths(config: &ParsedConfig, base_dir: &Path) -> HashSet<String> {
    |        ^^^^^^^^^^^^^^^^^^^^

warning: variant `ParentResolveFailed` is never constructed
   --> espanso-config/src/config/resolve.rs:475:5
    |
473 | pub enum ResolveError {
    |          ------------ variant in this enum
474 |     #[error("unable to resolve parent path")]
475 |     ParentResolveFailed(),
    |     ^^^^^^^^^^^^^^^^^^^
    |
    = note: `ResolveError` has a derived impl for the trait `Debug`, but this is intentionally ignored during dead code analysis

warning: associated function `generate_match_paths` is never used
   --> espanso-config/src/config/resolve.rs:457:8
    |
357 | impl ResolvedConfig {
    | ------------------- associated function in this implementation
...
457 |     fn generate_match_paths(config: &ParsedConfig, base_dir: &Path) -> HashSet<String> {
    |        ^^^^^^^^^^^^^^^^^^^^

warning: `espanso-config` (lib) generated 10 warnings (run `cargo fix --lib -p espanso-config` to apply 1 suggestion)
warning: `espanso-config` (lib test) generated 6 warnings (5 duplicates)
    Finished `test` profile [unoptimized + debuginfo] target(s) in 1.10s
  Executable `/private/var/folders/6f/_7411vhs4c58v7633qtsvlwc0000gn/T/cargo-mutants-espanso-jHWQVe.tmp/target/debug/deps/espanso_config-d72e23de752d5677`

*** result: Success

*** /Users/aucamaillot/.rustup/toolchains/beta-aarch64-apple-darwin/bin/cargo test --verbose --package=espanso-config@0.1.0
       Fresh unicode-ident v1.0.12
       Fresh cfg-if v1.0.0
       Fresh autocfg v1.1.0
       Fresh unicode-xid v0.2.1
       Fresh proc-macro2 v1.0.94
       Fresh regex-syntax v0.6.27
       Fresh quote v1.0.35
       Fresh libc v0.2.161
       Fresh memchr v2.5.0
       Fresh linked-hash-map v0.5.6
       Fresh syn v1.0.67
       Fresh num-traits v0.2.14
       Fresh getrandom v0.2.2
       Fresh syn v2.0.100
       Fresh aho-corasick v0.7.19
       Fresh predicates-core v1.0.2
       Fresh ppv-lite86 v0.2.10
       Fresh serde_derive v1.0.123
       Fresh regex v1.5.5
       Fresh rand_core v0.6.2
       Fresh float-cmp v0.8.0
       Fresh thiserror-impl v1.0.56
       Fresh yaml-rust v0.4.5
       Fresh remove_dir_all v0.5.3
       Fresh serde v1.0.123
       Fresh rand_chacha v0.3.0
       Fresh difference v2.0.0
       Fresh dtoa v0.4.7
       Fresh heck v0.4.1
       Fresh normalize-line-endings v0.3.0
       Fresh treeline v0.1.0
       Fresh same-file v1.0.6
       Fresh unindent v0.1.7
       Fresh serde_yaml v0.8.17
       Fresh predicates v1.0.8
       Fresh indoc v1.0.3
       Fresh predicates-tree v1.0.2
       Fresh enum-as-inner v0.6.0
       Fresh walkdir v2.3.1
       Fresh rand v0.8.3
       Fresh thiserror v1.0.56
       Fresh log v0.4.14
       Fresh anyhow v1.0.38
       Fresh mockall_derive v0.9.1
       Fresh ordered-float v2.1.1
       Fresh rand v0.4.6
       Fresh lazy_static v1.5.0
       Fresh glob v0.3.0
       Fresh dunce v1.0.1
       Fresh downcast v0.10.0
       Fresh fragile v1.0.0
       Fresh tempdir v0.3.7
       Fresh mockall v0.9.1
       Fresh tempfile v3.2.0
warning: unused import: `counter::next_id`
  --> espanso-config/src/config/resolve.rs:30:13
   |
30 | use crate::{counter::next_id, merge};
   |             ^^^^^^^^^^^^^^^^
   |
   = note: `#[warn(unused_imports)]` on by default

warning: unused variable: `path`
   --> espanso-config/src/config/resolve.rs:358:17
    |
358 |     pub fn load(path: &Path, parent: Option<&Self>) -> Result<Self> {
    |                 ^^^^ help: if this is intentional, prefix it with an underscore: `_path`
    |
    = note: `#[warn(unused_variables)]` on by default

warning: unused variable: `parent`
   --> espanso-config/src/config/resolve.rs:358:30
    |
358 |     pub fn load(path: &Path, parent: Option<&Self>) -> Result<Self> {
    |                              ^^^^^^ help: if this is intentional, prefix it with an underscore: `_parent`

warning: associated function `load` is never used
  --> espanso-config/src/config/parse/mod.rs:80:12
   |
79 | impl ParsedConfig {
   | ----------------- associated function in this implementation
80 |     pub fn load(path: &Path) -> Result<Self> {
   |            ^^^^
   |
   = note: `#[warn(dead_code)]` on by default

warning: associated function `parse_from_str` is never used
   --> espanso-config/src/config/parse/yaml.rs:167:12
    |
166 | impl YAMLConfig {
    | --------------- associated function in this implementation
167 |     pub fn parse_from_str(yaml: &str) -> Result<Self> {
    |            ^^^^^^^^^^^^^^

warning: static `ABSOLUTE_PATH` is never used
  --> espanso-config/src/config/path.rs:27:8
   |
27 | static ABSOLUTE_PATH: LazyLock<Regex> =
   |        ^^^^^^^^^^^^^

warning: function `calculate_paths` is never used
  --> espanso-config/src/config/path.rs:30:8
   |
30 | pub fn calculate_paths<'a>(
   |        ^^^^^^^^^^^^^^^

warning: constant `STANDARD_INCLUDES` is never used
  --> espanso-config/src/config/resolve.rs:38:7
   |
38 | const STANDARD_INCLUDES: &[&str] = &["../match/**/[!_]*.yml"];
   |       ^^^^^^^^^^^^^^^^^

warning: associated functions `merge_parsed`, `aggregate_includes`, `aggregate_excludes`, and `generate_match_paths` are never used
   --> espanso-config/src/config/resolve.rs:362:8
    |
357 | impl ResolvedConfig {
    | ------------------- associated functions in this implementation
...
362 |     fn merge_parsed(child: &mut ParsedConfig, parent: &ParsedConfig) {
    |        ^^^^^^^^^^^^
...
415 |     fn aggregate_includes(config: &ParsedConfig) -> HashSet<String> {
    |        ^^^^^^^^^^^^^^^^^^
...
439 |     fn aggregate_excludes(config: &ParsedConfig) -> HashSet<String> {
    |        ^^^^^^^^^^^^^^^^^^
...
457 |     fn generate_match_paths(config: &ParsedConfig, base_dir: &Path) -> HashSet<String> {
    |        ^^^^^^^^^^^^^^^^^^^^

warning: variant `ParentResolveFailed` is never constructed
   --> espanso-config/src/config/resolve.rs:475:5
    |
473 | pub enum ResolveError {
    |          ------------ variant in this enum
474 |     #[error("unable to resolve parent path")]
475 |     ParentResolveFailed(),
    |     ^^^^^^^^^^^^^^^^^^^
    |
    = note: `ResolveError` has a derived impl for the trait `Debug`, but this is intentionally ignored during dead code analysis

warning: `espanso-config` (lib) generated 10 warnings (run `cargo fix --lib -p espanso-config` to apply 1 suggestion)
warning: associated function `generate_match_paths` is never used
   --> espanso-config/src/config/resolve.rs:457:8
    |
357 | impl ResolvedConfig {
    | ------------------- associated function in this implementation
...
457 |     fn generate_match_paths(config: &ParsedConfig, base_dir: &Path) -> HashSet<String> {
    |        ^^^^^^^^^^^^^^^^^^^^

       Fresh espanso-config v0.1.0 (/private/var/folders/6f/_7411vhs4c58v7633qtsvlwc0000gn/T/cargo-mutants-espanso-jHWQVe.tmp/espanso-config)
warning: `espanso-config` (lib test) generated 6 warnings (5 duplicates)
    Finished `test` profile [unoptimized + debuginfo] target(s) in 0.06s
     Running `/private/var/folders/6f/_7411vhs4c58v7633qtsvlwc0000gn/T/cargo-mutants-espanso-jHWQVe.tmp/target/debug/deps/espanso_config-d72e23de752d5677`

running 79 tests
test config::resolve::tests::aggregate_excludes_empty_config ... ok
test config::resolve::tests::aggregate_excludes_custom_excludes ... ok
test config::resolve::tests::aggregate_excludes_excludes_and_extra_excludes ... ok
test config::resolve::tests::aggregate_excludes_extra_excludes ... ok
test config::resolve::tests::aggregate_excludes_no_standard ... ok
test config::resolve::tests::aggregate_includes_custom_includes ... ok
test config::resolve::tests::aggregate_includes_empty_config ... ok
test config::resolve::tests::aggregate_includes_extra_includes ... ok
test config::resolve::tests::aggregate_includes_includes_and_extra_includes ... ok
test config::parse::yaml::tests::conversion_to_parsed_config_works_correctly ... ok
test config::resolve::tests::aggregate_includes_no_standard ... ok
test config::resolve::tests::is_match_filter_class ... FAILED
test config::path::tests::calculate_paths_relative_paths ... ok
test config::resolve::tests::is_match_filter_os ... FAILED
test config::path::tests::calculate_paths_relative_with_parent_modifier ... ok
test config::path::tests::calculate_paths_absolute_paths ... ok
test config::resolve::tests::is_match_multiple_filters ... FAILED
test config::resolve::tests::is_match_filter_title ... FAILED
test config::resolve::tests::merge_parent_field_child_overwrite_parent ... ok
test config::resolve::tests::merge_parent_field_parent_fallback ... ok
test config::resolve::tests::is_match_no_filters ... ok
test config::resolve::tests::is_match_filter_exec ... FAILED
test config::util::tests::os_matches_macos ... ok
test config::store::tests::config_store_active_fallback_to_default_if_no_match ... ok
test config::store::tests::config_store_selects_correctly ... ok
test config::resolve::tests::match_paths_generated_correctly ... FAILED
test matches::group::loader::tests::load_group_parsing_error ... ok
test matches::group::loader::tests::load_group_missing_extension ... ok
test config::resolve::tests::match_paths_generated_correctly_with_underscore_files ... FAILED
test matches::group::loader::tests::load_group_yaml_format ... ok
test matches::group::loader::tests::load_group_invalid_format ... ok
test matches::group::loader::tests::load_group_yaml_format_casing ... ok
test matches::group::loader::yaml::tests::basic_match_maps_correctly ... ok
test config::resolve::tests::match_paths_generated_correctly_with_child_config ... FAILED
test matches::group::loader::tests::load_group_yaml_format_2 ... ok
test matches::group::loader::yaml::tests::importer_is_supported ... ok
test matches::group::loader::yaml::tests::left_word_maps_correctly ... ok
test matches::group::loader::yaml::tests::multiple_triggers_maps_correctly ... ok
test matches::group::loader::yaml::tests::propagate_case_maps_correctly ... ok
test matches::group::loader::yaml::tests::right_word_maps_correctly ... ok
test matches::group::loader::yaml::tests::importer_invalid_syntax ... ok
test matches::group::loader::yaml::tests::uppercase_style_maps_correctly ... ok
test matches::group::loader::yaml::tests::vars_inject_vars_and_depends_on ... ok
test matches::group::loader::yaml::tests::importer_works_correctly ... ok
test matches::group::loader::yaml::tests::vars_maps_correctly ... ok
test matches::group::loader::yaml::tests::vars_no_params_maps_correctly ... ok
test matches::group::loader::yaml::tests::word_maps_correctly ... ok
test matches::group::loader::yaml::util::tests::convert_params_invalid_key_type ... ok
test matches::group::loader::yaml::util::tests::convert_params_works_correctly ... ok
test matches::group::loader::yaml::util::tests::convert_value_array ... ok
test matches::group::loader::yaml::util::tests::convert_value_bool ... ok
test matches::group::loader::yaml::util::tests::convert_value_null ... ok
test matches::group::loader::yaml::util::tests::convert_value_number ... ok
test matches::group::loader::yaml::util::tests::convert_value_params ... ok
test matches::group::loader::yaml::util::tests::convert_value_string ... ok
test matches::group::path::tests::resolve_imports_works_correctly ... ok
test matches::store::default::tests::match_store_query_handle_duplicates_when_imports_and_paths_overlap ... ok
test matches::store::default::tests::match_store_handles_circular_dependency ... ok
test matches::group::path::tests::resolve_imports_parent_relative_path ... ok
test matches::store::default::tests::match_store_loads_correctly ... ok
test matches::tests::match_cause_regex_description ... ok
test matches::tests::match_cause_regex_long_description ... ok
test matches::tests::match_cause_trigger_description ... ok
test matches::tests::match_cause_trigger_long_description ... ok
test matches::group::loader::yaml::tests::form_maps_correctly ... ok
test matches::store::default::tests::match_store_query_handles_circular_depencencies ... ok
test matches::store::default::tests::match_store_query_single_path_with_imports ... ok
test tests::load_fatal_errors ... FAILED
test matches::store::default::tests::match_store_query_multiple_paths ... ok
test matches::group::loader::yaml::tests::form_maps_correctly_legacy_format ... ok
test tests::load_non_fatal_match_errors ... FAILED
test util::tests::is_yaml_empty_document_with_comments_and_content ... ok
test util::tests::is_yaml_empty_document_empty ... ok
test util::tests::is_yaml_empty_document_with_comments ... ok
test util::tests::is_yaml_empty_document_with_content ... ok
test tests::load_without_valid_config_dir ... ok
test tests::load_non_fatal_errors ... FAILED
test tests::load_works_correctly ... FAILED
test matches::group::loader::yaml::tests::form_maps_correctly_with_variable_injection ... ok

failures:

---- config::resolve::tests::is_match_filter_class stdout ----

thread 'config::resolve::tests::is_match_filter_class' panicked at espanso-config/src/config/resolve.rs:842:9:
assertion failed: test_filter_is_match("filter_class: Chrome",
    &AppProperties {
            title: Some("Google Mail"),
            class: Some("Chrome"),
            exec: Some("chrome.exe"),
        })
note: run with `RUST_BACKTRACE=1` environment variable to display a backtrace

---- config::resolve::tests::is_match_filter_os stdout ----

thread 'config::resolve::tests::is_match_filter_os' panicked at espanso-config/src/config/resolve.rs:912:9:
assertion failed: test_filter_is_match(&format!("filter_os: {current}"),
    &AppProperties {
            title: Some("Google Mail"),
            class: Some("Chrome"),
            exec: Some("chrome.exe"),
        })

---- config::resolve::tests::is_match_multiple_filters stdout ----

thread 'config::resolve::tests::is_match_multiple_filters' panicked at espanso-config/src/config/resolve.rs:933:9:
assertion failed: test_filter_is_match(r#"
      filter_exec: chrome.exe
      filter_title: "Youtube"
      "#,
    &AppProperties {
            title: Some("Youtube - Broadcast Yourself"),
            class: Some("Chrome"),
            exec: Some("chrome.exe"),
        })

---- config::resolve::tests::is_match_filter_title stdout ----

thread 'config::resolve::tests::is_match_filter_title' panicked at espanso-config/src/config/resolve.rs:812:9:
assertion failed: test_filter_is_match("filter_title: Google",
    &AppProperties {
            title: Some("Google Mail"),
            class: Some("Chrome"),
            exec: Some("chrome.exe"),
        })

---- config::resolve::tests::is_match_filter_exec stdout ----

thread 'config::resolve::tests::is_match_filter_exec' panicked at espanso-config/src/config/resolve.rs:872:9:
assertion failed: test_filter_is_match("filter_exec: chrome.exe",
    &AppProperties {
            title: Some("Google Mail"),
            class: Some("Chrome"),
            exec: Some("chrome.exe"),
        })

---- config::resolve::tests::match_paths_generated_correctly stdout ----

thread 'config::resolve::tests::match_paths_generated_correctly' panicked at espanso-config/src/config/resolve.rs:687:13:
assertion `left == right` failed
  left: []
 right: ["/private/var/folders/6f/_7411vhs4c58v7633qtsvlwc0000gn/T/tempconfig.b4zuJy5I5lBa/match/another.yml", "/private/var/folders/6f/_7411vhs4c58v7633qtsvlwc0000gn/T/tempconfig.b4zuJy5I5lBa/match/base.yml", "/private/var/folders/6f/_7411vhs4c58v7633qtsvlwc0000gn/T/tempconfig.b4zuJy5I5lBa/match/sub/sub.yml"]

---- config::resolve::tests::match_paths_generated_correctly_with_underscore_files stdout ----

thread 'config::resolve::tests::match_paths_generated_correctly_with_underscore_files' panicked at espanso-config/src/config/resolve.rs:780:13:
assertion `left == right` failed
  left: []
 right: ["/private/var/folders/6f/_7411vhs4c58v7633qtsvlwc0000gn/T/tempconfig.2vmEQsA61tmI/match/_sub.yml", "/private/var/folders/6f/_7411vhs4c58v7633qtsvlwc0000gn/T/tempconfig.2vmEQsA61tmI/match/another.yml", "/private/var/folders/6f/_7411vhs4c58v7633qtsvlwc0000gn/T/tempconfig.2vmEQsA61tmI/match/base.yml", "/private/var/folders/6f/_7411vhs4c58v7633qtsvlwc0000gn/T/tempconfig.2vmEQsA61tmI/match/sub/sub.yml"]

---- config::resolve::tests::match_paths_generated_correctly_with_child_config stdout ----

thread 'config::resolve::tests::match_paths_generated_correctly_with_child_config' panicked at espanso-config/src/config/resolve.rs:741:13:
assertion `left == right` failed
  left: []
 right: ["/private/var/folders/6f/_7411vhs4c58v7633qtsvlwc0000gn/T/tempconfig.j2tRKEikjcHR/match/sub/_sub.yml", "/private/var/folders/6f/_7411vhs4c58v7633qtsvlwc0000gn/T/tempconfig.j2tRKEikjcHR/match/sub/another.yml"]

---- tests::load_fatal_errors stdout ----

thread 'tests::load_fatal_errors' panicked at espanso-config/src/lib.rs:292:13:
assertion failed: load(base).is_err()

---- tests::load_non_fatal_match_errors stdout ----

thread 'tests::load_non_fatal_match_errors' panicked at espanso-config/src/lib.rs:252:13:
assertion `left == right` failed
  left: 0
 right: 1

---- tests::load_non_fatal_errors stdout ----

thread 'tests::load_non_fatal_errors' panicked at espanso-config/src/lib.rs:224:13:
assertion `left == right` failed
  left: 0
 right: 3

---- tests::load_works_correctly stdout ----

thread 'tests::load_works_correctly' panicked at espanso-config/src/lib.rs:130:13:
assertion `left == right` failed
  left: 0
 right: 2


failures:
    config::resolve::tests::is_match_filter_class
    config::resolve::tests::is_match_filter_exec
    config::resolve::tests::is_match_filter_os
    config::resolve::tests::is_match_filter_title
    config::resolve::tests::is_match_multiple_filters
    config::resolve::tests::match_paths_generated_correctly
    config::resolve::tests::match_paths_generated_correctly_with_child_config
    config::resolve::tests::match_paths_generated_correctly_with_underscore_files
    tests::load_fatal_errors
    tests::load_non_fatal_errors
    tests::load_non_fatal_match_errors
    tests::load_works_correctly

test result: FAILED. 67 passed; 12 failed; 0 ignored; 0 measured; 0 filtered out; finished in 0.02s

error: test failed, to rerun pass `-p espanso-config --lib`

*** result: Failure(101)
